[debug] ----------------------------------------------------------------------
[debug] Command:      C:\Program Files\nodejs\node.exe C:\Users\Dakota Bryant\AppData\Roaming\npm\node_modules\firebase-tools\bin\firebase deploy
[debug] CLI Version:  3.6.1
[debug] Platform:     win32
[debug] Node Version: v8.1.3
[debug] Time:         Fri Jul 07 2017 02:44:31 GMT-0500 (Central Daylight Time)
[debug] ----------------------------------------------------------------------
[debug] 
[debug] > command requires scopes: ["email","openid","https://www.googleapis.com/auth/cloudplatformprojects.readonly","https://www.googleapis.com/auth/firebase","https://www.googleapis.com/auth/cloud-platform"]
[debug] >>> HTTP REQUEST GET https://admin.firebase.com/v1/projects/emojinal-61d05  
 Fri Jul 07 2017 02:44:31 GMT-0500 (Central Daylight Time)
[debug] <<< HTTP RESPONSE 200
[debug] >>> HTTP REQUEST GET https://admin.firebase.com/v1/database/emojinal-61d05/tokens  
 Fri Jul 07 2017 02:44:31 GMT-0500 (Central Daylight Time)
[debug] <<< HTTP RESPONSE 200
[info] 
[info] === Deploying to 'emojinal-61d05'...
[info] 
[info] i  deploying database, functions, hosting
[info] +  database: rules ready to deploy.
[debug] > [functions] package.json contents: {
  "name": "functions",
  "description": "Cloud Functions for Firebase",
  "dependencies": {
    "cors": "^2.8.3",
    "firebase-admin": "~4.1.2",
    "firebase-functions": "^0.5"
  },
  "private": true
}
[info] i  functions: ensuring necessary APIs are enabled...
[info] i  runtimeconfig: ensuring necessary APIs are enabled...
[debug] >>> HTTP REQUEST GET https://servicemanagement.googleapis.com/v1/services/cloudfunctions.googleapis.com/projectSettings/emojinal-61d05?view=CONSUMER_VIEW  
 Fri Jul 07 2017 02:44:32 GMT-0500 (Central Daylight Time)
[debug] >>> HTTP REQUEST GET https://servicemanagement.googleapis.com/v1/services/runtimeconfig.googleapis.com/projectSettings/emojinal-61d05?view=CONSUMER_VIEW  
 Fri Jul 07 2017 02:44:32 GMT-0500 (Central Daylight Time)
[debug] <<< HTTP RESPONSE 200
[info] +  functions: all necessary APIs are enabled
[debug] <<< HTTP RESPONSE 200
[info] +  runtimeconfig: all necessary APIs are enabled
[debug] >>> HTTP REQUEST GET https://appengine.googleapis.com/v1/apps/emojinal-61d05  
 Fri Jul 07 2017 02:44:33 GMT-0500 (Central Daylight Time)
[debug] >>> HTTP REQUEST GET https://apikeys.googleapis.com/v1/projects/emojinal-61d05/apiKeys  
 Fri Jul 07 2017 02:44:33 GMT-0500 (Central Daylight Time)
[debug] <<< HTTP RESPONSE 200
[debug] <<< HTTP RESPONSE 200
[info] i  functions: preparing functions directory for uploading...
[debug] >>> HTTP REQUEST GET https://runtimeconfig.googleapis.com/v1beta1/projects/emojinal-61d05/configs  
 Fri Jul 07 2017 02:44:36 GMT-0500 (Central Daylight Time)
[debug] <<< HTTP RESPONSE 200
[debug] > [functions] runtime config materialized as: {
  "firebase": {
    "databaseURL": "https://emojinal-61d05.firebaseio.com",
    "storageBucket": "emojinal-61d05.appspot.com",
    "apiKey": "AIzaSyDNRWQzte6LCvkPwcJOoISq64snWpzOeno",
    "authDomain": "emojinal-61d05.firebaseapp.com"
  }
}
[debug] > [functions] parsed triggers: [
  {
    "httpsTrigger": {},
    "name": "correctAnswer",
    "entryPoint": "correctAnswer"
  },
  {
    "httpsTrigger": {},
    "name": "incorrectAnswer",
    "entryPoint": "incorrectAnswer"
  },
  {
    "httpsTrigger": {},
    "name": "getFirst",
    "entryPoint": "getFirst"
  },
  {
    "eventTrigger": {
      "resource": "projects/_/instances/emojinal-61d05/refs/users",
      "eventType": "providers/google.firebase.database/eventTypes/ref.write"
    },
    "name": "initializeQuiz",
    "entryPoint": "initializeQuiz"
  },
  {
    "httpsTrigger": {},
    "name": "createMockData",
    "entryPoint": "createMockData"
  }
]
[info] i  functions: packaged functions (17.51 KB) for uploading
[debug] >>> HTTP REQUEST GET https://www.googleapis.com/storage/v1/b/staging.emojinal-61d05.appspot.com  
 Fri Jul 07 2017 02:44:37 GMT-0500 (Central Daylight Time)
[debug] <<< HTTP RESPONSE 200
[debug] >>> HTTP REQUEST POST https://www.googleapis.com/upload/storage/v1/b/staging.emojinal-61d05.appspot.com/o?uploadType=media&name=firebase-functions-source ReadStream {
  _readableState: 
   ReadableState {
     objectMode: false,
     highWaterMark: 65536,
     buffer: BufferList { head: [Object], tail: [Object], length: 1 },
     length: 17930,
     pipes: null,
     pipesCount: 0,
     flowing: null,
     ended: true,
     endEmitted: false,
     reading: false,
     sync: false,
     needReadable: false,
     emittedReadable: true,
     readableListening: false,
     resumeScheduled: false,
     destroyed: false,
     defaultEncoding: 'utf8',
     awaitDrain: 0,
     readingMore: false,
     decoder: null,
     encoding: null },
  readable: true,
  domain: null,
  _events: { end: [Function] },
  _eventsCount: 1,
  _maxListeners: undefined,
  path: 'C:\\Users\\DAKOTA~1\\AppData\\Local\\Temp\\firebase-functions-123992nTmOmkBgE4fp.zip',
  fd: 5,
  flags: 'r',
  mode: 438,
  start: undefined,
  end: undefined,
  autoClose: true,
  pos: undefined,
  bytesRead: 17930 } 
 Fri Jul 07 2017 02:44:38 GMT-0500 (Central Daylight Time)
[debug] <<< HTTP RESPONSE 200
[info] +  functions: functions folder uploaded successfully
[info] i  hosting: preparing ./client/public directory for upload...
[debug] >>> HTTP REQUEST PUT https://deploy.firebase.com/v1/hosting/emojinal-61d05/uploads/-KoR-T5S_q8CZiqlQlGv?fileCount=2&message=  
 Fri Jul 07 2017 02:44:39 GMT-0500 (Central Daylight Time)
[debug] <<< HTTP RESPONSE 200
[debug] [hosting] .tgz uploaded successfully, waiting for extraction
[info] +  hosting: 2 files uploaded successfully
[info] i  starting release process (may take several minutes)...
[debug] >>> HTTP REQUEST GET https://cloudfunctions.googleapis.com/v1beta2/projects/emojinal-61d05/locations/us-central1/functions  
 Fri Jul 07 2017 02:44:44 GMT-0500 (Central Daylight Time)
[debug] <<< HTTP RESPONSE 200
[info] i  functions: updating function correctAnswer...
[debug] Trigger is: 
[info] i  functions: updating function incorrectAnswer...
[debug] Trigger is: 
[info] i  functions: updating function getFirst...
[debug] Trigger is: 
[info] i  functions: updating function initializeQuiz...
[debug] Trigger is: 
[info] i  functions: updating function createMockData...
[debug] Trigger is: 
[debug] >>> HTTP REQUEST PUT https://cloudfunctions.googleapis.com/v1beta2/projects/emojinal-61d05/locations/us-central1/functions/correctAnswer { sourceArchiveUrl: 'gs://staging.emojinal-61d05.appspot.com/firebase-functions-source',
  name: 'projects/emojinal-61d05/locations/us-central1/functions/correctAnswer',
  entryPoint: 'correctAnswer',
  timeout: '60s',
  availableMemoryMb: 256,
  httpsTrigger: {} } 
 Fri Jul 07 2017 02:44:45 GMT-0500 (Central Daylight Time)
[debug] >>> HTTP REQUEST PUT https://cloudfunctions.googleapis.com/v1beta2/projects/emojinal-61d05/locations/us-central1/functions/incorrectAnswer { sourceArchiveUrl: 'gs://staging.emojinal-61d05.appspot.com/firebase-functions-source',
  name: 'projects/emojinal-61d05/locations/us-central1/functions/incorrectAnswer',
  entryPoint: 'incorrectAnswer',
  timeout: '60s',
  availableMemoryMb: 256,
  httpsTrigger: {} } 
 Fri Jul 07 2017 02:44:45 GMT-0500 (Central Daylight Time)
[debug] >>> HTTP REQUEST PUT https://cloudfunctions.googleapis.com/v1beta2/projects/emojinal-61d05/locations/us-central1/functions/getFirst { sourceArchiveUrl: 'gs://staging.emojinal-61d05.appspot.com/firebase-functions-source',
  name: 'projects/emojinal-61d05/locations/us-central1/functions/getFirst',
  entryPoint: 'getFirst',
  timeout: '60s',
  availableMemoryMb: 256,
  httpsTrigger: {} } 
 Fri Jul 07 2017 02:44:45 GMT-0500 (Central Daylight Time)
[debug] >>> HTTP REQUEST PUT https://cloudfunctions.googleapis.com/v1beta2/projects/emojinal-61d05/locations/us-central1/functions/initializeQuiz { sourceArchiveUrl: 'gs://staging.emojinal-61d05.appspot.com/firebase-functions-source',
  name: 'projects/emojinal-61d05/locations/us-central1/functions/initializeQuiz',
  entryPoint: 'initializeQuiz',
  timeout: '60s',
  availableMemoryMb: 256,
  eventTrigger: 
   { resource: 'projects/_/instances/emojinal-61d05/refs/users',
     eventType: 'providers/google.firebase.database/eventTypes/ref.write' } } 
 Fri Jul 07 2017 02:44:45 GMT-0500 (Central Daylight Time)
[debug] >>> HTTP REQUEST PUT https://cloudfunctions.googleapis.com/v1beta2/projects/emojinal-61d05/locations/us-central1/functions/createMockData { sourceArchiveUrl: 'gs://staging.emojinal-61d05.appspot.com/firebase-functions-source',
  name: 'projects/emojinal-61d05/locations/us-central1/functions/createMockData',
  entryPoint: 'createMockData',
  timeout: '60s',
  availableMemoryMb: 256,
  httpsTrigger: {} } 
 Fri Jul 07 2017 02:44:45 GMT-0500 (Central Daylight Time)
[debug] <<< HTTP RESPONSE 200
[debug] <<< HTTP RESPONSE 200
[debug] <<< HTTP RESPONSE 200
[debug] <<< HTTP RESPONSE 200
[debug] <<< HTTP RESPONSE 200
[debug] >>> HTTP REQUEST GET https://cloudfunctions.googleapis.com/v1beta2/projects/emojinal-61d05/locations/us-central1/functions  
 Fri Jul 07 2017 02:44:45 GMT-0500 (Central Daylight Time)
[debug] >>> HTTP REQUEST GET https://cloudfunctions.googleapis.com/v1beta2/operations/ZW1vamluYWwtNjFkMDUvdXMtY2VudHJhbDEvY29ycmVjdEFuc3dlci9fd3AxZzdlMUZNSQ  
 Fri Jul 07 2017 02:44:45 GMT-0500 (Central Daylight Time)
[debug] >>> HTTP REQUEST GET https://cloudfunctions.googleapis.com/v1beta2/operations/ZW1vamluYWwtNjFkMDUvdXMtY2VudHJhbDEvaW5jb3JyZWN0QW5zd2VyL2t6M28yUHUzZko0  
 Fri Jul 07 2017 02:44:45 GMT-0500 (Central Daylight Time)
[debug] >>> HTTP REQUEST GET https://cloudfunctions.googleapis.com/v1beta2/operations/ZW1vamluYWwtNjFkMDUvdXMtY2VudHJhbDEvZ2V0Rmlyc3QvQmR0aWJrQXM4emc  
 Fri Jul 07 2017 02:44:45 GMT-0500 (Central Daylight Time)
[debug] >>> HTTP REQUEST GET https://cloudfunctions.googleapis.com/v1beta2/operations/ZW1vamluYWwtNjFkMDUvdXMtY2VudHJhbDEvaW5pdGlhbGl6ZVF1aXovNEFDanVHOHlFam8  
 Fri Jul 07 2017 02:44:45 GMT-0500 (Central Daylight Time)
[debug] >>> HTTP REQUEST GET https://cloudfunctions.googleapis.com/v1beta2/operations/ZW1vamluYWwtNjFkMDUvdXMtY2VudHJhbDEvY3JlYXRlTW9ja0RhdGEvSDcteU91eVFZUVU  
 Fri Jul 07 2017 02:44:45 GMT-0500 (Central Daylight Time)
[debug] <<< HTTP RESPONSE 200
[debug] <<< HTTP RESPONSE 200
[debug] <<< HTTP RESPONSE 200
[debug] <<< HTTP RESPONSE 200
[debug] <<< HTTP RESPONSE 200
[debug] <<< HTTP RESPONSE 200
[debug] [functions] operation poll: correctAnswer: update operations/ZW1vamluYWwtNjFkMDUvdXMtY2VudHJhbDEvY29ycmVjdEFuc3dlci9fd3AxZzdlMUZNSQ is not done.
[debug] [functions] operation poll: incorrectAnswer: update operations/ZW1vamluYWwtNjFkMDUvdXMtY2VudHJhbDEvaW5jb3JyZWN0QW5zd2VyL2t6M28yUHUzZko0 is not done.
[debug] [functions] operation poll: getFirst: update operations/ZW1vamluYWwtNjFkMDUvdXMtY2VudHJhbDEvZ2V0Rmlyc3QvQmR0aWJrQXM4emc is not done.
[debug] [functions] operation poll: initializeQuiz: update operations/ZW1vamluYWwtNjFkMDUvdXMtY2VudHJhbDEvaW5pdGlhbGl6ZVF1aXovNEFDanVHOHlFam8 is not done.
[debug] [functions] operation poll: createMockData: update operations/ZW1vamluYWwtNjFkMDUvdXMtY2VudHJhbDEvY3JlYXRlTW9ja0RhdGEvSDcteU91eVFZUVU is not done.
